  [1m[35m (0.1ms)[0m  [1m[34mSELECT sqlite_version(*)[0m
  ↳ bin/rails:9
  [1m[35m (0.9ms)[0m  [1m[35mCREATE TABLE "schema_migrations" ("version" varchar NOT NULL PRIMARY KEY)[0m
  ↳ bin/rails:9
  [1m[35m (0.9ms)[0m  [1m[35mCREATE TABLE "ar_internal_metadata" ("key" varchar NOT NULL PRIMARY KEY, "value" varchar, "created_at" datetime NOT NULL, "updated_at" datetime NOT NULL)[0m
  ↳ bin/rails:9
  [1m[35m (0.1ms)[0m  [1m[34mSELECT "schema_migrations"."version" FROM "schema_migrations" ORDER BY "schema_migrations"."version" ASC[0m
  ↳ bin/rails:9
Migrating to CreateCat (20201204183841)
  [1m[35m (0.0ms)[0m  [1m[36mbegin transaction[0m
  ↳ bin/rails:9
  [1m[35m (0.5ms)[0m  [1m[35mCREATE TABLE "cats" ("id" integer PRIMARY KEY AUTOINCREMENT NOT NULL, "birth_date" date NOT NULL, "color" varchar NOT NULL, "name" varchar NOT NULL, "sex" varchar(1) NOT NULL, "description" text NOT NULL, "created_at" datetime NOT NULL, "updated_at" datetime NOT NULL)[0m
  ↳ db/migrate/20201204183841_create_cat.rb:3
  [1m[36mActiveRecord::SchemaMigration Create (0.2ms)[0m  [1m[32mINSERT INTO "schema_migrations" ("version") VALUES (?)[0m  [["version", "20201204183841"]]
  ↳ bin/rails:9
  [1m[35m (0.6ms)[0m  [1m[36mcommit transaction[0m
  ↳ bin/rails:9
  [1m[36mActiveRecord::InternalMetadata Load (0.1ms)[0m  [1m[34mSELECT  "ar_internal_metadata".* FROM "ar_internal_metadata" WHERE "ar_internal_metadata"."key" = ? LIMIT ?[0m  [["key", "environment"], ["LIMIT", 1]]
  ↳ bin/rails:9
  [1m[35m (0.1ms)[0m  [1m[36mbegin transaction[0m
  ↳ bin/rails:9
  [1m[36mActiveRecord::InternalMetadata Create (0.3ms)[0m  [1m[32mINSERT INTO "ar_internal_metadata" ("key", "value", "created_at", "updated_at") VALUES (?, ?, ?, ?)[0m  [["key", "environment"], ["value", "development"], ["created_at", "2020-12-04 18:58:41.022278"], ["updated_at", "2020-12-04 18:58:41.022278"]]
  ↳ bin/rails:9
  [1m[35m (0.5ms)[0m  [1m[36mcommit transaction[0m
  ↳ bin/rails:9
  [1m[35m (0.1ms)[0m  [1m[34mSELECT "schema_migrations"."version" FROM "schema_migrations" ORDER BY "schema_migrations"."version" ASC[0m
  ↳ bin/rails:9
  [1m[35m (0.0ms)[0m  [1m[34mSELECT sqlite_version(*)[0m
  ↳ bin/rails:9
  [1m[35m (1.0ms)[0m  [1m[35mCREATE TABLE "schema_migrations" ("version" varchar NOT NULL PRIMARY KEY)[0m
  ↳ bin/rails:9
  [1m[35m (0.8ms)[0m  [1m[35mCREATE TABLE "ar_internal_metadata" ("key" varchar NOT NULL PRIMARY KEY, "value" varchar, "created_at" datetime NOT NULL, "updated_at" datetime NOT NULL)[0m
  ↳ bin/rails:9
  [1m[35m (0.1ms)[0m  [1m[34mSELECT "schema_migrations"."version" FROM "schema_migrations" ORDER BY "schema_migrations"."version" ASC[0m
  ↳ bin/rails:9
Migrating to CreateCat (20201204183841)
  [1m[35m (0.0ms)[0m  [1m[36mbegin transaction[0m
  ↳ bin/rails:9
  [1m[35m (0.3ms)[0m  [1m[35mCREATE TABLE "cats" ("id" integer PRIMARY KEY AUTOINCREMENT NOT NULL, "birth_date" date NOT NULL, "color" varchar NOT NULL, "name" varchar NOT NULL, "sex" varchar(1) NOT NULL, "description" text NOT NULL, "created_at" datetime NOT NULL, "updated_at" datetime NOT NULL)[0m
  ↳ db/migrate/20201204183841_create_cat.rb:4
  [1m[36mActiveRecord::SchemaMigration Create (0.1ms)[0m  [1m[32mINSERT INTO "schema_migrations" ("version") VALUES (?)[0m  [["version", "20201204183841"]]
  ↳ bin/rails:9
  [1m[35m (0.6ms)[0m  [1m[36mcommit transaction[0m
  ↳ bin/rails:9
  [1m[36mActiveRecord::InternalMetadata Load (0.2ms)[0m  [1m[34mSELECT  "ar_internal_metadata".* FROM "ar_internal_metadata" WHERE "ar_internal_metadata"."key" = ? LIMIT ?[0m  [["key", "environment"], ["LIMIT", 1]]
  ↳ bin/rails:9
  [1m[35m (0.0ms)[0m  [1m[36mbegin transaction[0m
  ↳ bin/rails:9
  [1m[36mActiveRecord::InternalMetadata Create (0.3ms)[0m  [1m[32mINSERT INTO "ar_internal_metadata" ("key", "value", "created_at", "updated_at") VALUES (?, ?, ?, ?)[0m  [["key", "environment"], ["value", "development"], ["created_at", "2020-12-04 19:41:00.975414"], ["updated_at", "2020-12-04 19:41:00.975414"]]
  ↳ bin/rails:9
  [1m[35m (0.6ms)[0m  [1m[36mcommit transaction[0m
  ↳ bin/rails:9
  [1m[35m (0.1ms)[0m  [1m[34mSELECT "schema_migrations"."version" FROM "schema_migrations" ORDER BY "schema_migrations"."version" ASC[0m
  ↳ bin/rails:9
  [1m[35m (0.1ms)[0m  [1m[36mbegin transaction[0m
  [1m[36mCat Create (1.7ms)[0m  [1m[32mINSERT INTO "cats" ("birth_date", "color", "name", "sex", "description", "created_at", "updated_at") VALUES (?, ?, ?, ?, ?, ?, ?)[0m  [["birth_date", "2020-01-01"], ["color", "Black"], ["name", "Whiskers"], ["sex", "M"], ["description", "asdasd"], ["created_at", "2020-12-04 19:51:59.920663"], ["updated_at", "2020-12-04 19:51:59.920663"]]
  [1m[35m (1.0ms)[0m  [1m[36mcommit transaction[0m
  [1m[36mCat Load (0.2ms)[0m  [1m[34mSELECT  "cats".* FROM "cats" ORDER BY "cats"."id" ASC LIMIT ?[0m  [["LIMIT", 1]]
  [1m[36mCat Load (0.1ms)[0m  [1m[34mSELECT  "cats".* FROM "cats" ORDER BY "cats"."id" ASC LIMIT ?[0m  [["LIMIT", 1]]
  [1m[35m (0.2ms)[0m  [1m[34mSELECT "schema_migrations"."version" FROM "schema_migrations" ORDER BY "schema_migrations"."version" ASC[0m
  ↳ bin/rails:9
  [1m[36mCat Destroy (6.0ms)[0m  [1m[31mDELETE FROM "cats"[0m
  ↳ db/seeds.rb:8
  [1m[35m (0.0ms)[0m  [1m[36mbegin transaction[0m
  ↳ db/seeds.rb:10
  [1m[36mCat Create (0.7ms)[0m  [1m[32mINSERT INTO "cats" ("birth_date", "color", "name", "sex", "description", "created_at", "updated_at") VALUES (?, ?, ?, ?, ?, ?, ?)[0m  [["birth_date", "2020-04-06"], ["color", "White"], ["name", "Miko"], ["sex", "M"], ["description", "Very fluffy"], ["created_at", "2020-12-04 20:03:23.287000"], ["updated_at", "2020-12-04 20:03:23.287000"]]
  ↳ db/seeds.rb:10
  [1m[35m (3.9ms)[0m  [1m[36mcommit transaction[0m
  ↳ db/seeds.rb:10
  [1m[35m (0.0ms)[0m  [1m[36mbegin transaction[0m
  ↳ db/seeds.rb:11
  [1m[36mCat Create (0.6ms)[0m  [1m[32mINSERT INTO "cats" ("birth_date", "color", "name", "sex", "description", "created_at", "updated_at") VALUES (?, ?, ?, ?, ?, ?, ?)[0m  [["birth_date", "2018-02-10"], ["color", "Black"], ["name", "Whiskers"], ["sex", "F"], ["description", "Very long whiskers"], ["created_at", "2020-12-04 20:03:23.294023"], ["updated_at", "2020-12-04 20:03:23.294023"]]
  ↳ db/seeds.rb:11
  [1m[35m (5.0ms)[0m  [1m[36mcommit transaction[0m
  ↳ db/seeds.rb:11
  [1m[35m (0.0ms)[0m  [1m[36mbegin transaction[0m
  ↳ db/seeds.rb:12
  [1m[36mCat Create (0.6ms)[0m  [1m[32mINSERT INTO "cats" ("birth_date", "color", "name", "sex", "description", "created_at", "updated_at") VALUES (?, ?, ?, ?, ?, ?, ?)[0m  [["birth_date", "2016-09-05"], ["color", "Orange"], ["name", "Garfield"], ["sex", "M"], ["description", "Very grumpy cat"], ["created_at", "2020-12-04 20:03:23.301092"], ["updated_at", "2020-12-04 20:03:23.301092"]]
  ↳ db/seeds.rb:12
  [1m[35m (3.7ms)[0m  [1m[36mcommit transaction[0m
  ↳ db/seeds.rb:12
  [1m[35m (0.0ms)[0m  [1m[36mbegin transaction[0m
  ↳ db/seeds.rb:13
  [1m[36mCat Create (0.5ms)[0m  [1m[32mINSERT INTO "cats" ("birth_date", "color", "name", "sex", "description", "created_at", "updated_at") VALUES (?, ?, ?, ?, ?, ?, ?)[0m  [["birth_date", "2010-12-13"], ["color", "Brown"], ["name", "Jerry"], ["sex", "F"], ["description", "loves to play"], ["created_at", "2020-12-04 20:03:23.306777"], ["updated_at", "2020-12-04 20:03:23.306777"]]
  ↳ db/seeds.rb:13
  [1m[35m (3.5ms)[0m  [1m[36mcommit transaction[0m
  ↳ db/seeds.rb:13
  [1m[35m (0.0ms)[0m  [1m[36mbegin transaction[0m
  ↳ db/seeds.rb:14
  [1m[36mCat Create (1.3ms)[0m  [1m[32mINSERT INTO "cats" ("birth_date", "color", "name", "sex", "description", "created_at", "updated_at") VALUES (?, ?, ?, ?, ?, ?, ?)[0m  [["birth_date", "2005-01-26"], ["color", "Black"], ["name", "Checkers"], ["sex", "M"], ["description", "can beat you in checkers"], ["created_at", "2020-12-04 20:03:23.312096"], ["updated_at", "2020-12-04 20:03:23.312096"]]
  ↳ db/seeds.rb:14
  [1m[35m (3.5ms)[0m  [1m[36mcommit transaction[0m
  ↳ db/seeds.rb:14
  [1m[36mCat Load (0.7ms)[0m  [1m[34mSELECT "cats".* FROM "cats"[0m
Started GET "/cats" for ::1 at 2020-12-04 15:06:27 -0500
  [1m[35m (0.1ms)[0m  [1m[34mSELECT "schema_migrations"."version" FROM "schema_migrations" ORDER BY "schema_migrations"."version" ASC[0m
  ↳ /home/monicaliang/.rvm/gems/ruby-2.5.1/gems/activerecord-5.2.4.4/lib/active_record/log_subscriber.rb:98

ActionController::RoutingError - uninitialized constant CatsController:

Started GET "/cats" for ::1 at 2020-12-04 15:06:47 -0500

ActionController::RoutingError - uninitialized constant CatsController:

Started GET "/cats" for ::1 at 2020-12-04 15:07:30 -0500

ActionController::RoutingError - uninitialized constant CatsController:

Started GET "/cats" for ::1 at 2020-12-04 15:07:47 -0500
  [1m[35m (0.2ms)[0m  [1m[34mSELECT "schema_migrations"."version" FROM "schema_migrations" ORDER BY "schema_migrations"."version" ASC[0m
  ↳ /home/monicaliang/.rvm/gems/ruby-2.5.1/gems/activerecord-5.2.4.4/lib/active_record/log_subscriber.rb:98

ActionController::RoutingError - uninitialized constant CatsController:

Started GET "/cats" for ::1 at 2020-12-04 15:08:06 -0500

ActionController::RoutingError - uninitialized constant CatsController:

Started GET "/cats" for ::1 at 2020-12-04 15:11:12 -0500
  [1m[35m (0.1ms)[0m  [1m[34mSELECT "schema_migrations"."version" FROM "schema_migrations" ORDER BY "schema_migrations"."version" ASC[0m
  ↳ /home/monicaliang/.rvm/gems/ruby-2.5.1/gems/activerecord-5.2.4.4/lib/active_record/log_subscriber.rb:98

ActionController::RoutingError - uninitialized constant CatsController:

Started GET "/cats" for ::1 at 2020-12-04 15:13:31 -0500
  [1m[35m (0.1ms)[0m  [1m[34mSELECT "schema_migrations"."version" FROM "schema_migrations" ORDER BY "schema_migrations"."version" ASC[0m
  ↳ /home/monicaliang/.rvm/gems/ruby-2.5.1/gems/activerecord-5.2.4.4/lib/active_record/log_subscriber.rb:98

ActionController::RoutingError - uninitialized constant CatsController:

Started GET "/" for ::1 at 2020-12-04 15:15:08 -0500
Processing by Rails::WelcomeController#index as HTML
  Rendering /home/monicaliang/.rvm/gems/ruby-2.5.1/gems/railties-5.2.4.4/lib/rails/templates/rails/welcome/index.html.erb
  Rendered /home/monicaliang/.rvm/gems/ruby-2.5.1/gems/railties-5.2.4.4/lib/rails/templates/rails/welcome/index.html.erb (5.9ms)
Completed 200 OK in 42ms (Views: 28.0ms | ActiveRecord: 0.0ms)


Started GET "/cats" for ::1 at 2020-12-04 15:15:13 -0500

ActionController::RoutingError - uninitialized constant CatsController:

Started POST "/__better_errors/04a9071bd6ae9ea2/variables" for ::1 at 2020-12-04 15:15:13 -0500
Started GET "/cat" for ::1 at 2020-12-04 15:15:25 -0500
  
ActionController::RoutingError (No route matches [GET] "/cat"):
  
actionpack (5.2.4.4) lib/action_dispatch/middleware/debug_exceptions.rb:65:in `call'
web-console (3.7.0) lib/web_console/middleware.rb:135:in `call_app'
web-console (3.7.0) lib/web_console/middleware.rb:30:in `block in call'
web-console (3.7.0) lib/web_console/middleware.rb:20:in `catch'
web-console (3.7.0) lib/web_console/middleware.rb:20:in `call'
actionpack (5.2.4.4) lib/action_dispatch/middleware/show_exceptions.rb:33:in `call'
railties (5.2.4.4) lib/rails/rack/logger.rb:38:in `call_app'
railties (5.2.4.4) lib/rails/rack/logger.rb:26:in `block in call'
activesupport (5.2.4.4) lib/active_support/tagged_logging.rb:71:in `block in tagged'
activesupport (5.2.4.4) lib/active_support/tagged_logging.rb:28:in `tagged'
activesupport (5.2.4.4) lib/active_support/tagged_logging.rb:71:in `tagged'
railties (5.2.4.4) lib/rails/rack/logger.rb:26:in `call'
sprockets-rails (3.2.2) lib/sprockets/rails/quiet_assets.rb:13:in `call'
actionpack (5.2.4.4) lib/action_dispatch/middleware/remote_ip.rb:81:in `call'
actionpack (5.2.4.4) lib/action_dispatch/middleware/request_id.rb:27:in `call'
rack (2.2.3) lib/rack/method_override.rb:24:in `call'
rack (2.2.3) lib/rack/runtime.rb:22:in `call'
activesupport (5.2.4.4) lib/active_support/cache/strategy/local_cache_middleware.rb:29:in `call'
actionpack (5.2.4.4) lib/action_dispatch/middleware/executor.rb:14:in `call'
actionpack (5.2.4.4) lib/action_dispatch/middleware/static.rb:127:in `call'
rack (2.2.3) lib/rack/sendfile.rb:110:in `call'
railties (5.2.4.4) lib/rails/engine.rb:524:in `call'
puma (3.12.6) lib/puma/configuration.rb:227:in `call'
puma (3.12.6) lib/puma/server.rb:706:in `handle_request'
puma (3.12.6) lib/puma/server.rb:476:in `process_client'
puma (3.12.6) lib/puma/server.rb:334:in `block in run'
puma (3.12.6) lib/puma/thread_pool.rb:135:in `block in spawn_thread'
Started GET "/cats" for ::1 at 2020-12-04 15:15:42 -0500

ActionController::RoutingError - uninitialized constant CatsController:

Started GET "/cats" for ::1 at 2020-12-04 15:16:28 -0500
Processing by CatsController#index as */*
Completed 500 Internal Server Error in 21ms (ActiveRecord: 0.0ms)



ActionView::MissingTemplate - Missing template cats/index, application/index with {:locale=>[:en], :formats=>[:html, :text, :js, :css, :ics, :csv, :vcf, :vtt, :png, :jpeg, :gif, :bmp, :tiff, :svg, :mpeg, :mp3, :ogg, :m4a, :webm, :mp4, :otf, :ttf, :woff, :woff2, :xml, :rss, :atom, :yaml, :multipart_form, :url_encoded_form, :json, :pdf, :zip, :gzip], :variants=>[], :handlers=>[:raw, :erb, :html, :builder, :ruby, :coffee, :jbuilder]}. Searched in:
  * "/mnt/c/Users/Monica/Documents/AAClasswork/week_6/W6D5/W6D5/cat/app/views":
  app/controllers/cats_controller.rb:4:in `index'

Started GET "/cats" for ::1 at 2020-12-04 15:16:59 -0500
Processing by CatsController#index as */*
  Rendering cats/index.html.erb within layouts/application
  Rendered cats/index.html.erb within layouts/application (0.2ms)
Completed 200 OK in 347ms (Views: 346.6ms | ActiveRecord: 0.0ms)


Started GET "/cats" for ::1 at 2020-12-04 15:19:30 -0500
Processing by CatsController#index as */*
  Rendering cats/index.html.erb within layouts/application
  [1m[36mCat Load (0.2ms)[0m  [1m[34mSELECT "cats".* FROM "cats"[0m
  ↳ app/views/cats/index.html.erb:5
  Rendered cats/index.html.erb within layouts/application (57.1ms)
Completed 500 Internal Server Error in 88ms (ActiveRecord: 0.9ms)



ActionView::MissingTemplate - Missing partial cats/_cat with {:locale=>[:en], :formats=>[:html, :text, :js, :css, :ics, :csv, :vcf, :vtt, :png, :jpeg, :gif, :bmp, :tiff, :svg, :mpeg, :mp3, :ogg, :m4a, :webm, :mp4, :otf, :ttf, :woff, :woff2, :xml, :rss, :atom, :yaml, :multipart_form, :url_encoded_form, :json, :pdf, :zip, :gzip], :variants=>[], :handlers=>[:raw, :erb, :html, :builder, :ruby, :coffee, :jbuilder]}. Searched in:
  * "/mnt/c/Users/Monica/Documents/AAClasswork/week_6/W6D5/W6D5/cat/app/views":
  app/views/cats/index.html.erb:6:in `block in _app_views_cats_index_html_erb__458453266650694797_70315325564760'
  app/views/cats/index.html.erb:5:in `_app_views_cats_index_html_erb__458453266650694797_70315325564760'
  app/controllers/cats_controller.rb:4:in `index'

Started GET "/cats" for ::1 at 2020-12-04 15:21:05 -0500
Processing by CatsController#index as */*
  Rendering cats/index.html.erb within layouts/application
  [1m[36mCat Load (0.2ms)[0m  [1m[34mSELECT "cats".* FROM "cats"[0m
  ↳ app/views/cats/index.html.erb:5
  Rendered cats/index.html.erb within layouts/application (43.3ms)
Completed 500 Internal Server Error in 74ms (ActiveRecord: 0.2ms)



ActionView::MissingTemplate - Missing partial cats/_cat with {:locale=>[:en], :formats=>[:html, :text, :js, :css, :ics, :csv, :vcf, :vtt, :png, :jpeg, :gif, :bmp, :tiff, :svg, :mpeg, :mp3, :ogg, :m4a, :webm, :mp4, :otf, :ttf, :woff, :woff2, :xml, :rss, :atom, :yaml, :multipart_form, :url_encoded_form, :json, :pdf, :zip, :gzip], :variants=>[], :handlers=>[:raw, :erb, :html, :builder, :ruby, :coffee, :jbuilder]}. Searched in:
  * "/mnt/c/Users/Monica/Documents/AAClasswork/week_6/W6D5/W6D5/cat/app/views":
  app/views/cats/index.html.erb:7:in `block in _app_views_cats_index_html_erb__458453266650694797_70315375501760'
  app/views/cats/index.html.erb:5:in `_app_views_cats_index_html_erb__458453266650694797_70315375501760'
  app/controllers/cats_controller.rb:4:in `index'

Started GET "/cats" for ::1 at 2020-12-04 15:21:10 -0500
Processing by CatsController#index as */*
  Rendering cats/index.html.erb within layouts/application
  [1m[36mCat Load (0.3ms)[0m  [1m[34mSELECT "cats".* FROM "cats"[0m
  ↳ app/views/cats/index.html.erb:5
  Rendered cats/index.html.erb within layouts/application (47.0ms)
Completed 500 Internal Server Error in 77ms (ActiveRecord: 0.3ms)



ActionView::MissingTemplate - Missing partial cats/_cat with {:locale=>[:en], :formats=>[:html, :text, :js, :css, :ics, :csv, :vcf, :vtt, :png, :jpeg, :gif, :bmp, :tiff, :svg, :mpeg, :mp3, :ogg, :m4a, :webm, :mp4, :otf, :ttf, :woff, :woff2, :xml, :rss, :atom, :yaml, :multipart_form, :url_encoded_form, :json, :pdf, :zip, :gzip], :variants=>[], :handlers=>[:raw, :erb, :html, :builder, :ruby, :coffee, :jbuilder]}. Searched in:
  * "/mnt/c/Users/Monica/Documents/AAClasswork/week_6/W6D5/W6D5/cat/app/views":
  app/views/cats/index.html.erb:7:in `block in _app_views_cats_index_html_erb__458453266650694797_70315392758160'
  app/views/cats/index.html.erb:5:in `_app_views_cats_index_html_erb__458453266650694797_70315392758160'
  app/controllers/cats_controller.rb:4:in `index'

Started GET "/cats" for ::1 at 2020-12-04 15:21:58 -0500
Processing by CatsController#index as */*
  Rendering cats/index.html.erb within layouts/application
  Rendered cats/index.html.erb within layouts/application (0.7ms)
Completed 500 Internal Server Error in 30ms (ActiveRecord: 0.0ms)



SyntaxError - void value expression
...t_buffer.append=( return cat );@output_buffer.safe_append='
...                              ^:
  app/views/cats/index.html.erb:7:in `'
  app/controllers/cats_controller.rb:4:in `index'

Started GET "/cats" for ::1 at 2020-12-04 15:22:08 -0500
Processing by CatsController#index as */*
  Rendering cats/index.html.erb within layouts/application
  [1m[36mCat Load (0.1ms)[0m  [1m[34mSELECT "cats".* FROM "cats"[0m
  ↳ app/views/cats/index.html.erb:5
  Rendered cats/index.html.erb within layouts/application (1.8ms)
Completed 200 OK in 49ms (Views: 48.6ms | ActiveRecord: 0.1ms)


Started GET "/cats" for ::1 at 2020-12-04 15:22:17 -0500
Processing by CatsController#index as */*
  Rendering cats/index.html.erb within layouts/application
  [1m[36mCat Load (0.2ms)[0m  [1m[34mSELECT "cats".* FROM "cats"[0m
  ↳ app/views/cats/index.html.erb:5
  Rendered cats/index.html.erb within layouts/application (1.4ms)
Completed 200 OK in 42ms (Views: 41.4ms | ActiveRecord: 0.2ms)


Started GET "/cats" for ::1 at 2020-12-04 15:22:51 -0500
Processing by CatsController#index as */*
  Rendering cats/index.html.erb within layouts/application
  [1m[36mCat Load (0.1ms)[0m  [1m[34mSELECT "cats".* FROM "cats"[0m
  ↳ app/views/cats/index.html.erb:5
  Rendered cats/index.html.erb within layouts/application (1.5ms)
Completed 200 OK in 42ms (Views: 41.2ms | ActiveRecord: 0.1ms)


Started GET "/cats" for ::1 at 2020-12-04 15:24:57 -0500
Processing by CatsController#index as */*
  Rendering cats/index.html.erb within layouts/application
  [1m[36mCat Load (0.1ms)[0m  [1m[34mSELECT "cats".* FROM "cats"[0m
  ↳ app/views/cats/index.html.erb:5
  Rendered cats/index.html.erb within layouts/application (287.2ms)
Completed 200 OK in 330ms (Views: 329.7ms | ActiveRecord: 0.1ms)


Started GET "/cats" for ::1 at 2020-12-04 15:25:13 -0500
Processing by CatsController#index as */*
  Rendering cats/index.html.erb within layouts/application
  [1m[36mCat Load (0.2ms)[0m  [1m[34mSELECT "cats".* FROM "cats"[0m
  ↳ app/views/cats/index.html.erb:5
  Rendered cats/index.html.erb within layouts/application (2.3ms)
Completed 200 OK in 43ms (Views: 42.3ms | ActiveRecord: 0.2ms)


Started GET "/cats" for ::1 at 2020-12-04 15:25:32 -0500
Processing by CatsController#index as */*
  Rendering cats/index.html.erb within layouts/application
  [1m[36mCat Load (0.2ms)[0m  [1m[34mSELECT "cats".* FROM "cats"[0m
  ↳ app/views/cats/index.html.erb:5
  Rendered cats/index.html.erb within layouts/application (2.2ms)
Completed 200 OK in 46ms (Views: 45.8ms | ActiveRecord: 0.2ms)


Started GET "/cats" for ::1 at 2020-12-04 15:25:58 -0500
Processing by CatsController#index as */*
  Rendering cats/index.html.erb within layouts/application
  [1m[36mCat Load (0.2ms)[0m  [1m[34mSELECT "cats".* FROM "cats"[0m
  ↳ app/views/cats/index.html.erb:5
  Rendered cats/index.html.erb within layouts/application (2.6ms)
Completed 200 OK in 45ms (Views: 44.3ms | ActiveRecord: 0.2ms)


Started GET "/cats" for ::1 at 2020-12-04 15:26:03 -0500
Processing by CatsController#index as */*
  Rendering cats/index.html.erb within layouts/application
  [1m[36mCat Load (0.2ms)[0m  [1m[34mSELECT "cats".* FROM "cats"[0m
  ↳ app/views/cats/index.html.erb:5
  Rendered cats/index.html.erb within layouts/application (2.6ms)
Completed 200 OK in 48ms (Views: 47.2ms | ActiveRecord: 0.2ms)


Started GET "/cats" for ::1 at 2020-12-04 15:26:08 -0500
Processing by CatsController#index as */*
  Rendering cats/index.html.erb within layouts/application
  [1m[36mCat Load (0.2ms)[0m  [1m[34mSELECT "cats".* FROM "cats"[0m
  ↳ app/views/cats/index.html.erb:5
  Rendered cats/index.html.erb within layouts/application (4.0ms)
Completed 200 OK in 43ms (Views: 42.4ms | ActiveRecord: 0.2ms)


Started GET "/cats" for ::1 at 2020-12-04 15:26:20 -0500
Processing by CatsController#index as */*
  Rendering cats/index.html.erb within layouts/application
  [1m[36mCat Load (0.2ms)[0m  [1m[34mSELECT "cats".* FROM "cats"[0m
  ↳ app/views/cats/index.html.erb:5
  Rendered cats/index.html.erb within layouts/application (2.4ms)
Completed 200 OK in 43ms (Views: 42.3ms | ActiveRecord: 0.2ms)


Started GET "/cats" for ::1 at 2020-12-04 15:26:25 -0500
Processing by CatsController#index as */*
  Rendering cats/index.html.erb within layouts/application
  [1m[36mCat Load (0.2ms)[0m  [1m[34mSELECT "cats".* FROM "cats"[0m
  ↳ app/views/cats/index.html.erb:5
  Rendered cats/index.html.erb within layouts/application (2.3ms)
Completed 200 OK in 45ms (Views: 44.9ms | ActiveRecord: 0.2ms)


Started GET "/cats" for ::1 at 2020-12-04 15:26:44 -0500
Processing by CatsController#index as */*
  Rendering cats/index.html.erb within layouts/application
  [1m[36mCat Load (0.2ms)[0m  [1m[34mSELECT "cats".* FROM "cats"[0m
  ↳ app/views/cats/index.html.erb:5
  Rendered cats/index.html.erb within layouts/application (2.4ms)
Completed 200 OK in 42ms (Views: 41.8ms | ActiveRecord: 0.2ms)


Started GET "/cats" for ::1 at 2020-12-04 15:26:54 -0500
Processing by CatsController#index as */*
  Rendering cats/index.html.erb within layouts/application
  [1m[36mCat Load (0.2ms)[0m  [1m[34mSELECT "cats".* FROM "cats"[0m
  ↳ app/views/cats/index.html.erb:5
  Rendered cats/index.html.erb within layouts/application (2.2ms)
Completed 200 OK in 49ms (Views: 48.3ms | ActiveRecord: 0.2ms)


Started GET "/cats" for ::1 at 2020-12-04 15:27:23 -0500
Processing by CatsController#index as */*
  Rendering cats/index.html.erb within layouts/application
  [1m[36mCat Load (0.1ms)[0m  [1m[34mSELECT "cats".* FROM "cats"[0m
  ↳ app/views/cats/index.html.erb:5
  Rendered cats/index.html.erb within layouts/application (2.3ms)
Completed 200 OK in 48ms (Views: 47.2ms | ActiveRecord: 0.1ms)


Started GET "/cats" for ::1 at 2020-12-04 15:27:56 -0500
Processing by CatsController#index as */*
  Rendering cats/index.html.erb within layouts/application
  [1m[36mCat Load (0.2ms)[0m  [1m[34mSELECT "cats".* FROM "cats"[0m
  ↳ app/views/cats/index.html.erb:5
  Rendered cats/index.html.erb within layouts/application (2.9ms)
Completed 200 OK in 44ms (Views: 43.7ms | ActiveRecord: 0.2ms)


Started GET "/cats/1" for ::1 at 2020-12-04 15:31:17 -0500
Processing by CatsController#show as */*
  Parameters: {"id"=>"1"}
  [1m[36mCat Load (0.2ms)[0m  [1m[34mSELECT  "cats".* FROM "cats" WHERE "cats"."id" = ? LIMIT ?[0m  [["id", 1], ["LIMIT", 1]]
  ↳ app/controllers/cats_controller.rb:8
  Rendering cats/show.html.erb within layouts/application
  Rendered cats/show.html.erb within layouts/application (23.4ms)
Completed 500 Internal Server Error in 85ms (ActiveRecord: 0.8ms)



NoMethodError - undefined method `name' for nil:NilClass:
  app/views/cats/show.html.erb:3:in `_app_views_cats_show_html_erb__4177528551483331612_70315226052400'

Started GET "/cats/1" for ::1 at 2020-12-04 15:32:36 -0500
Processing by CatsController#show as */*
  Parameters: {"id"=>"1"}
  [1m[36mCat Load (0.1ms)[0m  [1m[34mSELECT  "cats".* FROM "cats" WHERE "cats"."id" = ? LIMIT ?[0m  [["id", 1], ["LIMIT", 1]]
  ↳ app/controllers/cats_controller.rb:8
Redirected to http://localhost:3000/cats/1
Completed 302 Found in 10ms (ActiveRecord: 0.5ms)


Started GET "/cats/1" for ::1 at 2020-12-04 15:32:36 -0500
Processing by CatsController#show as */*
  Parameters: {"id"=>"1"}
  [1m[36mCat Load (0.2ms)[0m  [1m[34mSELECT  "cats".* FROM "cats" WHERE "cats"."id" = ? LIMIT ?[0m  [["id", 1], ["LIMIT", 1]]
  ↳ app/controllers/cats_controller.rb:8
Redirected to http://localhost:3000/cats/1
Completed 302 Found in 2ms (ActiveRecord: 0.2ms)


Started GET "/cats/1" for ::1 at 2020-12-04 15:32:36 -0500
Processing by CatsController#show as */*
  Parameters: {"id"=>"1"}
  [1m[36mCat Load (0.3ms)[0m  [1m[34mSELECT  "cats".* FROM "cats" WHERE "cats"."id" = ? LIMIT ?[0m  [["id", 1], ["LIMIT", 1]]
  ↳ app/controllers/cats_controller.rb:8
Redirected to http://localhost:3000/cats/1
Completed 302 Found in 8ms (ActiveRecord: 0.3ms)


Started GET "/cats/1" for ::1 at 2020-12-04 15:32:36 -0500
Processing by CatsController#show as */*
  Parameters: {"id"=>"1"}
  [1m[36mCat Load (0.1ms)[0m  [1m[34mSELECT  "cats".* FROM "cats" WHERE "cats"."id" = ? LIMIT ?[0m  [["id", 1], ["LIMIT", 1]]
  ↳ app/controllers/cats_controller.rb:8
Redirected to http://localhost:3000/cats/1
Completed 302 Found in 6ms (ActiveRecord: 0.1ms)


Started GET "/cats/1" for ::1 at 2020-12-04 15:32:36 -0500
Processing by CatsController#show as */*
  Parameters: {"id"=>"1"}
  [1m[36mCat Load (0.2ms)[0m  [1m[34mSELECT  "cats".* FROM "cats" WHERE "cats"."id" = ? LIMIT ?[0m  [["id", 1], ["LIMIT", 1]]
  ↳ app/controllers/cats_controller.rb:8
Redirected to http://localhost:3000/cats/1
Completed 302 Found in 2ms (ActiveRecord: 0.2ms)


Started GET "/cats/1" for ::1 at 2020-12-04 15:32:36 -0500
Processing by CatsController#show as */*
  Parameters: {"id"=>"1"}
  [1m[36mCat Load (0.1ms)[0m  [1m[34mSELECT  "cats".* FROM "cats" WHERE "cats"."id" = ? LIMIT ?[0m  [["id", 1], ["LIMIT", 1]]
  ↳ app/controllers/cats_controller.rb:8
Redirected to http://localhost:3000/cats/1
Completed 302 Found in 6ms (ActiveRecord: 0.1ms)


Started GET "/cats/1" for ::1 at 2020-12-04 15:32:36 -0500
Processing by CatsController#show as */*
  Parameters: {"id"=>"1"}
  [1m[36mCat Load (0.2ms)[0m  [1m[34mSELECT  "cats".* FROM "cats" WHERE "cats"."id" = ? LIMIT ?[0m  [["id", 1], ["LIMIT", 1]]
  ↳ app/controllers/cats_controller.rb:8
Redirected to http://localhost:3000/cats/1
Completed 302 Found in 8ms (ActiveRecord: 0.2ms)


Started GET "/cats/1" for ::1 at 2020-12-04 15:32:36 -0500
Processing by CatsController#show as */*
  Parameters: {"id"=>"1"}
  [1m[36mCat Load (0.2ms)[0m  [1m[34mSELECT  "cats".* FROM "cats" WHERE "cats"."id" = ? LIMIT ?[0m  [["id", 1], ["LIMIT", 1]]
  ↳ app/controllers/cats_controller.rb:8
Redirected to http://localhost:3000/cats/1
Completed 302 Found in 5ms (ActiveRecord: 0.2ms)


Started GET "/cats/1" for ::1 at 2020-12-04 15:32:36 -0500
Processing by CatsController#show as */*
  Parameters: {"id"=>"1"}
  [1m[36mCat Load (0.2ms)[0m  [1m[34mSELECT  "cats".* FROM "cats" WHERE "cats"."id" = ? LIMIT ?[0m  [["id", 1], ["LIMIT", 1]]
  ↳ app/controllers/cats_controller.rb:8
Redirected to http://localhost:3000/cats/1
Completed 302 Found in 6ms (ActiveRecord: 0.2ms)


Started GET "/cats/1" for ::1 at 2020-12-04 15:32:36 -0500
Processing by CatsController#show as */*
  Parameters: {"id"=>"1"}
  [1m[36mCat Load (0.2ms)[0m  [1m[34mSELECT  "cats".* FROM "cats" WHERE "cats"."id" = ? LIMIT ?[0m  [["id", 1], ["LIMIT", 1]]
  ↳ app/controllers/cats_controller.rb:8
Redirected to http://localhost:3000/cats/1
Completed 302 Found in 7ms (ActiveRecord: 0.2ms)


Started GET "/cats/1" for ::1 at 2020-12-04 15:32:36 -0500
Processing by CatsController#show as */*
  Parameters: {"id"=>"1"}
  [1m[36mCat Load (0.1ms)[0m  [1m[34mSELECT  "cats".* FROM "cats" WHERE "cats"."id" = ? LIMIT ?[0m  [["id", 1], ["LIMIT", 1]]
  ↳ app/controllers/cats_controller.rb:8
Redirected to http://localhost:3000/cats/1
Completed 302 Found in 6ms (ActiveRecord: 0.1ms)


Started GET "/cats/1" for ::1 at 2020-12-04 15:32:51 -0500
Processing by CatsController#show as */*
  Parameters: {"id"=>"1"}
  [1m[36mCat Load (0.2ms)[0m  [1m[34mSELECT  "cats".* FROM "cats" WHERE "cats"."id" = ? LIMIT ?[0m  [["id", 1], ["LIMIT", 1]]
  ↳ app/controllers/cats_controller.rb:8
Redirected to http://localhost:3000/cats/1
Completed 302 Found in 7ms (ActiveRecord: 0.6ms)


Started GET "/cats/1" for ::1 at 2020-12-04 15:32:51 -0500
Processing by CatsController#show as */*
  Parameters: {"id"=>"1"}
  [1m[36mCat Load (0.2ms)[0m  [1m[34mSELECT  "cats".* FROM "cats" WHERE "cats"."id" = ? LIMIT ?[0m  [["id", 1], ["LIMIT", 1]]
  ↳ app/controllers/cats_controller.rb:8
Redirected to http://localhost:3000/cats/1
Completed 302 Found in 14ms (ActiveRecord: 0.2ms)


Started GET "/cats/1" for ::1 at 2020-12-04 15:32:51 -0500
Processing by CatsController#show as */*
  Parameters: {"id"=>"1"}
  [1m[36mCat Load (0.1ms)[0m  [1m[34mSELECT  "cats".* FROM "cats" WHERE "cats"."id" = ? LIMIT ?[0m  [["id", 1], ["LIMIT", 1]]
  ↳ app/controllers/cats_controller.rb:8
Redirected to http://localhost:3000/cats/1
Completed 302 Found in 2ms (ActiveRecord: 0.1ms)


Started GET "/cats/1" for ::1 at 2020-12-04 15:32:51 -0500
Processing by CatsController#show as */*
  Parameters: {"id"=>"1"}
  [1m[36mCat Load (0.2ms)[0m  [1m[34mSELECT  "cats".* FROM "cats" WHERE "cats"."id" = ? LIMIT ?[0m  [["id", 1], ["LIMIT", 1]]
  ↳ app/controllers/cats_controller.rb:8
Redirected to http://localhost:3000/cats/1
Completed 302 Found in 1ms (ActiveRecord: 0.2ms)


Started GET "/cats/1" for ::1 at 2020-12-04 15:32:51 -0500
Processing by CatsController#show as */*
  Parameters: {"id"=>"1"}
  [1m[36mCat Load (0.2ms)[0m  [1m[34mSELECT  "cats".* FROM "cats" WHERE "cats"."id" = ? LIMIT ?[0m  [["id", 1], ["LIMIT", 1]]
  ↳ app/controllers/cats_controller.rb:8
Redirected to http://localhost:3000/cats/1
Completed 302 Found in 2ms (ActiveRecord: 0.2ms)


Started GET "/cats/1" for ::1 at 2020-12-04 15:32:51 -0500
Processing by CatsController#show as */*
  Parameters: {"id"=>"1"}
  [1m[36mCat Load (0.1ms)[0m  [1m[34mSELECT  "cats".* FROM "cats" WHERE "cats"."id" = ? LIMIT ?[0m  [["id", 1], ["LIMIT", 1]]
  ↳ app/controllers/cats_controller.rb:8
Redirected to http://localhost:3000/cats/1
Completed 302 Found in 6ms (ActiveRecord: 0.1ms)


Started GET "/cats/1" for ::1 at 2020-12-04 15:32:51 -0500
Processing by CatsController#show as */*
  Parameters: {"id"=>"1"}
  [1m[36mCat Load (0.2ms)[0m  [1m[34mSELECT  "cats".* FROM "cats" WHERE "cats"."id" = ? LIMIT ?[0m  [["id", 1], ["LIMIT", 1]]
  ↳ app/controllers/cats_controller.rb:8
Redirected to http://localhost:3000/cats/1
Completed 302 Found in 2ms (ActiveRecord: 0.2ms)


Started GET "/cats/1" for ::1 at 2020-12-04 15:32:51 -0500
Processing by CatsController#show as */*
  Parameters: {"id"=>"1"}
  [1m[36mCat Load (0.2ms)[0m  [1m[34mSELECT  "cats".* FROM "cats" WHERE "cats"."id" = ? LIMIT ?[0m  [["id", 1], ["LIMIT", 1]]
  ↳ app/controllers/cats_controller.rb:8
Redirected to http://localhost:3000/cats/1
Completed 302 Found in 2ms (ActiveRecord: 0.2ms)


Started GET "/cats/1" for ::1 at 2020-12-04 15:32:51 -0500
Processing by CatsController#show as */*
  Parameters: {"id"=>"1"}
  [1m[36mCat Load (0.2ms)[0m  [1m[34mSELECT  "cats".* FROM "cats" WHERE "cats"."id" = ? LIMIT ?[0m  [["id", 1], ["LIMIT", 1]]
  ↳ app/controllers/cats_controller.rb:8
Redirected to http://localhost:3000/cats/1
Completed 302 Found in 2ms (ActiveRecord: 0.2ms)


Started GET "/cats/1" for ::1 at 2020-12-04 15:32:51 -0500
Processing by CatsController#show as */*
  Parameters: {"id"=>"1"}
  [1m[36mCat Load (0.1ms)[0m  [1m[34mSELECT  "cats".* FROM "cats" WHERE "cats"."id" = ? LIMIT ?[0m  [["id", 1], ["LIMIT", 1]]
  ↳ app/controllers/cats_controller.rb:8
Redirected to http://localhost:3000/cats/1
Completed 302 Found in 7ms (ActiveRecord: 0.1ms)


Started GET "/cats/1" for ::1 at 2020-12-04 15:32:52 -0500
Processing by CatsController#show as */*
  Parameters: {"id"=>"1"}
  [1m[36mCat Load (0.2ms)[0m  [1m[34mSELECT  "cats".* FROM "cats" WHERE "cats"."id" = ? LIMIT ?[0m  [["id", 1], ["LIMIT", 1]]
  ↳ app/controllers/cats_controller.rb:8
Redirected to http://localhost:3000/cats/1
Completed 302 Found in 7ms (ActiveRecord: 0.2ms)


Started GET "/cats/1" for ::1 at 2020-12-04 15:33:02 -0500
Processing by CatsController#show as */*
  Parameters: {"id"=>"1"}
  [1m[36mCat Load (0.1ms)[0m  [1m[34mSELECT  "cats".* FROM "cats" WHERE "cats"."id" = ? LIMIT ?[0m  [["id", 1], ["LIMIT", 1]]
  ↳ app/controllers/cats_controller.rb:8
Redirected to http://localhost:3000/cats
Completed 302 Found in 9ms (ActiveRecord: 0.5ms)


Started GET "/cats" for ::1 at 2020-12-04 15:33:02 -0500
Processing by CatsController#index as */*
  Rendering cats/index.html.erb within layouts/application
  [1m[36mCat Load (0.2ms)[0m  [1m[34mSELECT "cats".* FROM "cats"[0m
  ↳ app/views/cats/index.html.erb:5
  Rendered cats/index.html.erb within layouts/application (11.7ms)
Completed 200 OK in 49ms (Views: 48.3ms | ActiveRecord: 0.7ms)


Started GET "/cats/1" for ::1 at 2020-12-04 15:34:03 -0500
Processing by CatsController#show as */*
  Parameters: {"id"=>"1"}
  [1m[36mCat Load (0.1ms)[0m  [1m[34mSELECT  "cats".* FROM "cats" WHERE "cats"."id" = ? LIMIT ?[0m  [["id", 1], ["LIMIT", 1]]
  ↳ app/controllers/cats_controller.rb:8
Completed 404 Not Found in 8ms (ActiveRecord: 0.8ms)



ActiveRecord::RecordNotFound - Couldn't find Cat with 'id'=1:
  app/controllers/cats_controller.rb:8:in `show'

Started GET "/cats/1" for ::1 at 2020-12-04 15:34:15 -0500
Processing by CatsController#show as */*
  Parameters: {"id"=>"1"}
  [1m[36mCat Load (0.2ms)[0m  [1m[34mSELECT  "cats".* FROM "cats" WHERE "cats"."id" = ? LIMIT ?[0m  [["id", 1], ["LIMIT", 1]]
  ↳ app/controllers/cats_controller.rb:8
Completed 404 Not Found in 9ms (ActiveRecord: 1.1ms)



ActiveRecord::RecordNotFound - Couldn't find Cat with 'id'=1:
  app/controllers/cats_controller.rb:8:in `show'

Started GET "/cats/1" for ::1 at 2020-12-04 15:34:46 -0500
Processing by CatsController#show as */*
  Parameters: {"id"=>"1"}
  [1m[36mCat Load (0.1ms)[0m  [1m[34mSELECT  "cats".* FROM "cats" WHERE "cats"."id" = ? LIMIT ?[0m  [["id", 1], ["LIMIT", 1]]
  ↳ app/controllers/cats_controller.rb:8
Completed 404 Not Found in 7ms (ActiveRecord: 0.8ms)



ActiveRecord::RecordNotFound - Couldn't find Cat with 'id'=1:
  app/controllers/cats_controller.rb:8:in `show'

  [1m[36mCat Load (0.8ms)[0m  [1m[34mSELECT "cats".* FROM "cats"[0m
Started GET "/cats/2" for ::1 at 2020-12-04 15:35:21 -0500
Processing by CatsController#show as */*
  Parameters: {"id"=>"2"}
  [1m[36mCat Load (0.2ms)[0m  [1m[34mSELECT  "cats".* FROM "cats" WHERE "cats"."id" = ? LIMIT ?[0m  [["id", 2], ["LIMIT", 1]]
  ↳ app/controllers/cats_controller.rb:8
  Rendering cats/show.html.erb within layouts/application
  Rendered cats/show.html.erb within layouts/application (0.6ms)
Completed 200 OK in 41ms (Views: 35.1ms | ActiveRecord: 0.2ms)


  [1m[35m (0.1ms)[0m  [1m[34mSELECT "schema_migrations"."version" FROM "schema_migrations" ORDER BY "schema_migrations"."version" ASC[0m
  ↳ bin/rails:9
  [1m[36mCat Destroy (5.0ms)[0m  [1m[31mDELETE FROM "cats"[0m
  ↳ db/seeds.rb:8
  [1m[35m (0.0ms)[0m  [1m[36mbegin transaction[0m
  ↳ db/seeds.rb:10
  [1m[36mCat Create (1.5ms)[0m  [1m[32mINSERT INTO "cats" ("birth_date", "color", "name", "sex", "description", "created_at", "updated_at") VALUES (?, ?, ?, ?, ?, ?, ?)[0m  [["birth_date", "2020-04-06"], ["color", "White"], ["name", "Miko"], ["sex", "M"], ["description", "Very fluffy"], ["created_at", "2020-12-04 20:37:37.698151"], ["updated_at", "2020-12-04 20:37:37.698151"]]
  ↳ db/seeds.rb:10
  [1m[35m (4.8ms)[0m  [1m[36mcommit transaction[0m
  ↳ db/seeds.rb:10
  [1m[35m (0.0ms)[0m  [1m[36mbegin transaction[0m
  ↳ db/seeds.rb:11
  [1m[36mCat Create (0.5ms)[0m  [1m[32mINSERT INTO "cats" ("birth_date", "color", "name", "sex", "description", "created_at", "updated_at") VALUES (?, ?, ?, ?, ?, ?, ?)[0m  [["birth_date", "2018-02-10"], ["color", "Black"], ["name", "Whiskers"], ["sex", "F"], ["description", "Very long whiskers"], ["created_at", "2020-12-04 20:37:37.705988"], ["updated_at", "2020-12-04 20:37:37.705988"]]
  ↳ db/seeds.rb:11
  [1m[35m (3.9ms)[0m  [1m[36mcommit transaction[0m
  ↳ db/seeds.rb:11
  [1m[35m (0.0ms)[0m  [1m[36mbegin transaction[0m
  ↳ db/seeds.rb:12
  [1m[36mCat Create (0.6ms)[0m  [1m[32mINSERT INTO "cats" ("birth_date", "color", "name", "sex", "description", "created_at", "updated_at") VALUES (?, ?, ?, ?, ?, ?, ?)[0m  [["birth_date", "2016-09-05"], ["color", "Orange"], ["name", "Garfield"], ["sex", "M"], ["description", "Very grumpy cat"], ["created_at", "2020-12-04 20:37:37.711822"], ["updated_at", "2020-12-04 20:37:37.711822"]]
  ↳ db/seeds.rb:12
  [1m[35m (4.3ms)[0m  [1m[36mcommit transaction[0m
  ↳ db/seeds.rb:12
  [1m[35m (0.0ms)[0m  [1m[36mbegin transaction[0m
  ↳ db/seeds.rb:13
  [1m[36mCat Create (1.3ms)[0m  [1m[32mINSERT INTO "cats" ("birth_date", "color", "name", "sex", "description", "created_at", "updated_at") VALUES (?, ?, ?, ?, ?, ?, ?)[0m  [["birth_date", "2010-12-13"], ["color", "Brown"], ["name", "Jerry"], ["sex", "F"], ["description", "loves to play"], ["created_at", "2020-12-04 20:37:37.718308"], ["updated_at", "2020-12-04 20:37:37.718308"]]
  ↳ db/seeds.rb:13
  [1m[35m (4.2ms)[0m  [1m[36mcommit transaction[0m
  ↳ db/seeds.rb:13
  [1m[35m (0.0ms)[0m  [1m[36mbegin transaction[0m
  ↳ db/seeds.rb:14
  [1m[36mCat Create (2.6ms)[0m  [1m[32mINSERT INTO "cats" ("birth_date", "color", "name", "sex", "description", "created_at", "updated_at") VALUES (?, ?, ?, ?, ?, ?, ?)[0m  [["birth_date", "2005-01-26"], ["color", "Black"], ["name", "Checkers"], ["sex", "M"], ["description", "can beat you in checkers"], ["created_at", "2020-12-04 20:37:37.725895"], ["updated_at", "2020-12-04 20:37:37.725895"]]
  ↳ db/seeds.rb:14
  [1m[35m (4.2ms)[0m  [1m[36mcommit transaction[0m
  ↳ db/seeds.rb:14
  [1m[35m (0.0ms)[0m  [1m[36mbegin transaction[0m
  ↳ db/seeds.rb:15
  [1m[36mCat Create (1.3ms)[0m  [1m[32mINSERT INTO "cats" ("birth_date", "color", "name", "sex", "description", "created_at", "updated_at") VALUES (?, ?, ?, ?, ?, ?, ?)[0m  [["birth_date", "2008-07-26"], ["color", "Brown"], ["name", "Bob"], ["sex", "F"], ["description", "loves to bite"], ["created_at", "2020-12-04 20:37:37.734122"], ["updated_at", "2020-12-04 20:37:37.734122"]]
  ↳ db/seeds.rb:15
  [1m[35m (3.9ms)[0m  [1m[36mcommit transaction[0m
  ↳ db/seeds.rb:15
  [1m[36mCat Load (0.9ms)[0m  [1m[34mSELECT "cats".* FROM "cats"[0m
  [1m[35m (0.1ms)[0m  [1m[34mSELECT "schema_migrations"."version" FROM "schema_migrations" ORDER BY "schema_migrations"."version" ASC[0m
  ↳ bin/rails:9
  [1m[35m (0.1ms)[0m  [1m[34mSELECT "ar_internal_metadata"."value" FROM "ar_internal_metadata" WHERE "ar_internal_metadata"."key" = ?[0m  [["key", "environment"]]
  ↳ bin/rails:9
  [1m[35m (0.1ms)[0m  [1m[34mSELECT "schema_migrations"."version" FROM "schema_migrations" ORDER BY "schema_migrations"."version" ASC[0m
  ↳ bin/rails:9
  [1m[35m (0.1ms)[0m  [1m[34mSELECT "ar_internal_metadata"."value" FROM "ar_internal_metadata" WHERE "ar_internal_metadata"."key" = ?[0m  [["key", "environment"]]
  ↳ bin/rails:9
  [1m[35m (0.1ms)[0m  [1m[34mSELECT "schema_migrations"."version" FROM "schema_migrations" ORDER BY "schema_migrations"."version" ASC[0m
  ↳ bin/rails:9
  [1m[35m (0.1ms)[0m  [1m[34mSELECT "ar_internal_metadata"."value" FROM "ar_internal_metadata" WHERE "ar_internal_metadata"."key" = ?[0m  [["key", "environment"]]
  ↳ bin/rails:9
  [1m[35m (0.1ms)[0m  [1m[35mDROP TABLE IF EXISTS "cats"[0m
  ↳ db/schema.rb:15
  [1m[35m (0.1ms)[0m  [1m[34mSELECT sqlite_version(*)[0m
  ↳ db/schema.rb:15
  [1m[35m (7.6ms)[0m  [1m[35mCREATE TABLE "cats" ("id" integer PRIMARY KEY AUTOINCREMENT NOT NULL, "birth_date" date NOT NULL, "color" varchar NOT NULL, "name" varchar NOT NULL, "sex" varchar(1) NOT NULL, "description" text NOT NULL, "created_at" datetime NOT NULL, "updated_at" datetime NOT NULL)[0m
  ↳ db/schema.rb:15
  [1m[35m (5.1ms)[0m  [1m[35mCREATE TABLE "schema_migrations" ("version" varchar NOT NULL PRIMARY KEY)[0m
  ↳ db/schema.rb:13
  [1m[35m (0.2ms)[0m  [1m[34mSELECT "schema_migrations"."version" FROM "schema_migrations" ORDER BY "schema_migrations"."version" ASC[0m
  ↳ db/schema.rb:13
  [1m[35m (6.4ms)[0m  [1m[32mINSERT INTO "schema_migrations" (version) VALUES (20201204183841)[0m
  ↳ db/schema.rb:13
  [1m[35m (4.7ms)[0m  [1m[35mCREATE TABLE "ar_internal_metadata" ("key" varchar NOT NULL PRIMARY KEY, "value" varchar, "created_at" datetime NOT NULL, "updated_at" datetime NOT NULL)[0m
  ↳ db/schema.rb:13
  [1m[36mActiveRecord::InternalMetadata Load (0.2ms)[0m  [1m[34mSELECT  "ar_internal_metadata".* FROM "ar_internal_metadata" WHERE "ar_internal_metadata"."key" = ? LIMIT ?[0m  [["key", "environment"], ["LIMIT", 1]]
  ↳ db/schema.rb:13
  [1m[35m (0.0ms)[0m  [1m[36mbegin transaction[0m
  ↳ db/schema.rb:13
  [1m[36mActiveRecord::InternalMetadata Create (1.4ms)[0m  [1m[32mINSERT INTO "ar_internal_metadata" ("key", "value", "created_at", "updated_at") VALUES (?, ?, ?, ?)[0m  [["key", "environment"], ["value", "development"], ["created_at", "2020-12-04 20:39:16.117375"], ["updated_at", "2020-12-04 20:39:16.117375"]]
  ↳ db/schema.rb:13
  [1m[35m (7.1ms)[0m  [1m[36mcommit transaction[0m
  ↳ db/schema.rb:13
  [1m[36mActiveRecord::InternalMetadata Load (0.1ms)[0m  [1m[34mSELECT  "ar_internal_metadata".* FROM "ar_internal_metadata" WHERE "ar_internal_metadata"."key" = ? LIMIT ?[0m  [["key", "environment"], ["LIMIT", 1]]
  ↳ bin/rails:9
  [1m[35m (0.0ms)[0m  [1m[36mbegin transaction[0m
  ↳ bin/rails:9
  [1m[35m (0.0ms)[0m  [1m[36mcommit transaction[0m
  ↳ bin/rails:9
  [1m[35m (0.2ms)[0m  [1m[35mDROP TABLE IF EXISTS "cats"[0m
  ↳ db/schema.rb:15
  [1m[35m (0.1ms)[0m  [1m[34mSELECT sqlite_version(*)[0m
  ↳ db/schema.rb:15
  [1m[35m (6.2ms)[0m  [1m[35mCREATE TABLE "cats" ("id" integer PRIMARY KEY AUTOINCREMENT NOT NULL, "birth_date" date NOT NULL, "color" varchar NOT NULL, "name" varchar NOT NULL, "sex" varchar(1) NOT NULL, "description" text NOT NULL, "created_at" datetime NOT NULL, "updated_at" datetime NOT NULL)[0m
  ↳ db/schema.rb:15
  [1m[35m (5.4ms)[0m  [1m[35mCREATE TABLE "schema_migrations" ("version" varchar NOT NULL PRIMARY KEY)[0m
  ↳ db/schema.rb:13
  [1m[35m (0.2ms)[0m  [1m[34mSELECT "schema_migrations"."version" FROM "schema_migrations" ORDER BY "schema_migrations"."version" ASC[0m
  ↳ db/schema.rb:13
  [1m[35m (6.1ms)[0m  [1m[32mINSERT INTO "schema_migrations" (version) VALUES (20201204183841)[0m
  ↳ db/schema.rb:13
  [1m[35m (5.9ms)[0m  [1m[35mCREATE TABLE "ar_internal_metadata" ("key" varchar NOT NULL PRIMARY KEY, "value" varchar, "created_at" datetime NOT NULL, "updated_at" datetime NOT NULL)[0m
  ↳ db/schema.rb:13
  [1m[36mActiveRecord::InternalMetadata Load (0.2ms)[0m  [1m[34mSELECT  "ar_internal_metadata".* FROM "ar_internal_metadata" WHERE "ar_internal_metadata"."key" = ? LIMIT ?[0m  [["key", "environment"], ["LIMIT", 1]]
  ↳ db/schema.rb:13
  [1m[35m (0.0ms)[0m  [1m[36mbegin transaction[0m
  ↳ db/schema.rb:13
  [1m[36mActiveRecord::InternalMetadata Create (0.5ms)[0m  [1m[32mINSERT INTO "ar_internal_metadata" ("key", "value", "created_at", "updated_at") VALUES (?, ?, ?, ?)[0m  [["key", "environment"], ["value", "development"], ["created_at", "2020-12-04 20:39:16.167532"], ["updated_at", "2020-12-04 20:39:16.167532"]]
  ↳ db/schema.rb:13
  [1m[35m (5.7ms)[0m  [1m[36mcommit transaction[0m
  ↳ db/schema.rb:13
  [1m[36mActiveRecord::InternalMetadata Load (0.1ms)[0m  [1m[34mSELECT  "ar_internal_metadata".* FROM "ar_internal_metadata" WHERE "ar_internal_metadata"."key" = ? LIMIT ?[0m  [["key", "environment"], ["LIMIT", 1]]
  ↳ bin/rails:9
  [1m[35m (0.0ms)[0m  [1m[36mbegin transaction[0m
  ↳ bin/rails:9
  [1m[36mActiveRecord::InternalMetadata Update (1.1ms)[0m  [1m[33mUPDATE "ar_internal_metadata" SET "value" = ?, "updated_at" = ? WHERE "ar_internal_metadata"."key" = ?[0m  [["value", "test"], ["updated_at", "2020-12-04 20:39:16.177093"], ["key", "environment"]]
  ↳ bin/rails:9
  [1m[35m (3.7ms)[0m  [1m[36mcommit transaction[0m
  ↳ bin/rails:9
  [1m[35m (0.1ms)[0m  [1m[34mSELECT "schema_migrations"."version" FROM "schema_migrations" ORDER BY "schema_migrations"."version" ASC[0m
  ↳ bin/rails:9
  [1m[35m (0.1ms)[0m  [1m[34mSELECT "schema_migrations"."version" FROM "schema_migrations" ORDER BY "schema_migrations"."version" ASC[0m
  ↳ bin/rails:9
  [1m[35m (0.1ms)[0m  [1m[34mSELECT "schema_migrations"."version" FROM "schema_migrations" ORDER BY "schema_migrations"."version" ASC[0m
  ↳ bin/rails:9
  [1m[36mCat Destroy (5.2ms)[0m  [1m[31mDELETE FROM "cats"[0m
  ↳ db/seeds.rb:8
  [1m[35m (0.0ms)[0m  [1m[36mbegin transaction[0m
  ↳ db/seeds.rb:10
  [1m[36mCat Create (1.6ms)[0m  [1m[32mINSERT INTO "cats" ("birth_date", "color", "name", "sex", "description", "created_at", "updated_at") VALUES (?, ?, ?, ?, ?, ?, ?)[0m  [["birth_date", "2020-04-06"], ["color", "White"], ["name", "Miko"], ["sex", "M"], ["description", "Very fluffy"], ["created_at", "2020-12-04 20:39:34.936490"], ["updated_at", "2020-12-04 20:39:34.936490"]]
  ↳ db/seeds.rb:10
  [1m[35m (4.0ms)[0m  [1m[36mcommit transaction[0m
  ↳ db/seeds.rb:10
  [1m[35m (0.0ms)[0m  [1m[36mbegin transaction[0m
  ↳ db/seeds.rb:11
  [1m[36mCat Create (1.1ms)[0m  [1m[32mINSERT INTO "cats" ("birth_date", "color", "name", "sex", "description", "created_at", "updated_at") VALUES (?, ?, ?, ?, ?, ?, ?)[0m  [["birth_date", "2018-02-10"], ["color", "Black"], ["name", "Whiskers"], ["sex", "F"], ["description", "Very long whiskers"], ["created_at", "2020-12-04 20:39:34.943787"], ["updated_at", "2020-12-04 20:39:34.943787"]]
  ↳ db/seeds.rb:11
  [1m[35m (4.1ms)[0m  [1m[36mcommit transaction[0m
  ↳ db/seeds.rb:11
  [1m[35m (0.0ms)[0m  [1m[36mbegin transaction[0m
  ↳ db/seeds.rb:12
  [1m[36mCat Create (1.2ms)[0m  [1m[32mINSERT INTO "cats" ("birth_date", "color", "name", "sex", "description", "created_at", "updated_at") VALUES (?, ?, ?, ?, ?, ?, ?)[0m  [["birth_date", "2016-09-05"], ["color", "Orange"], ["name", "Garfield"], ["sex", "M"], ["description", "Very grumpy cat"], ["created_at", "2020-12-04 20:39:34.950440"], ["updated_at", "2020-12-04 20:39:34.950440"]]
  ↳ db/seeds.rb:12
  [1m[35m (4.8ms)[0m  [1m[36mcommit transaction[0m
  ↳ db/seeds.rb:12
  [1m[35m (0.0ms)[0m  [1m[36mbegin transaction[0m
  ↳ db/seeds.rb:13
  [1m[36mCat Create (1.1ms)[0m  [1m[32mINSERT INTO "cats" ("birth_date", "color", "name", "sex", "description", "created_at", "updated_at") VALUES (?, ?, ?, ?, ?, ?, ?)[0m  [["birth_date", "2010-12-13"], ["color", "Brown"], ["name", "Jerry"], ["sex", "F"], ["description", "loves to play"], ["created_at", "2020-12-04 20:39:34.958258"], ["updated_at", "2020-12-04 20:39:34.958258"]]
  ↳ db/seeds.rb:13
  [1m[35m (4.9ms)[0m  [1m[36mcommit transaction[0m
  ↳ db/seeds.rb:13
  [1m[35m (0.0ms)[0m  [1m[36mbegin transaction[0m
  ↳ db/seeds.rb:14
  [1m[36mCat Create (1.4ms)[0m  [1m[32mINSERT INTO "cats" ("birth_date", "color", "name", "sex", "description", "created_at", "updated_at") VALUES (?, ?, ?, ?, ?, ?, ?)[0m  [["birth_date", "2005-01-26"], ["color", "Black"], ["name", "Checkers"], ["sex", "M"], ["description", "can beat you in checkers"], ["created_at", "2020-12-04 20:39:34.966067"], ["updated_at", "2020-12-04 20:39:34.966067"]]
  ↳ db/seeds.rb:14
  [1m[35m (4.1ms)[0m  [1m[36mcommit transaction[0m
  ↳ db/seeds.rb:14
  [1m[35m (0.1ms)[0m  [1m[36mbegin transaction[0m
  ↳ db/seeds.rb:15
  [1m[36mCat Create (1.4ms)[0m  [1m[32mINSERT INTO "cats" ("birth_date", "color", "name", "sex", "description", "created_at", "updated_at") VALUES (?, ?, ?, ?, ?, ?, ?)[0m  [["birth_date", "2008-07-26"], ["color", "Brown"], ["name", "Bob"], ["sex", "F"], ["description", "loves to bite"], ["created_at", "2020-12-04 20:39:34.973237"], ["updated_at", "2020-12-04 20:39:34.973237"]]
  ↳ db/seeds.rb:15
  [1m[35m (4.4ms)[0m  [1m[36mcommit transaction[0m
  ↳ db/seeds.rb:15
  [1m[36mCat Load (0.7ms)[0m  [1m[34mSELECT "cats".* FROM "cats"[0m
Started GET "/cats/1" for ::1 at 2020-12-04 15:40:03 -0500
Processing by CatsController#show as */*
  Parameters: {"id"=>"1"}
  [1m[36mCat Load (0.2ms)[0m  [1m[34mSELECT  "cats".* FROM "cats" WHERE "cats"."id" = ? LIMIT ?[0m  [["id", 1], ["LIMIT", 1]]
  ↳ app/controllers/cats_controller.rb:8
Completed 404 Not Found in 2ms (ActiveRecord: 0.2ms)



ActiveRecord::RecordNotFound - Couldn't find Cat with 'id'=1:
  app/controllers/cats_controller.rb:8:in `show'

Started GET "/cats/1" for ::1 at 2020-12-04 15:40:12 -0500
  [1m[35m (0.2ms)[0m  [1m[34mSELECT "schema_migrations"."version" FROM "schema_migrations" ORDER BY "schema_migrations"."version" ASC[0m
  ↳ /home/monicaliang/.rvm/gems/ruby-2.5.1/gems/activerecord-5.2.4.4/lib/active_record/log_subscriber.rb:98
Processing by CatsController#show as */*
  Parameters: {"id"=>"1"}
  [1m[36mCat Load (0.2ms)[0m  [1m[34mSELECT  "cats".* FROM "cats" WHERE "cats"."id" = ? LIMIT ?[0m  [["id", 1], ["LIMIT", 1]]
  ↳ app/controllers/cats_controller.rb:8
  Rendering cats/show.html.erb within layouts/application
  Rendered cats/show.html.erb within layouts/application (2.1ms)
Completed 200 OK in 337ms (Views: 323.9ms | ActiveRecord: 1.0ms)


Started GET "/cats/1" for ::1 at 2020-12-04 15:40:49 -0500
Processing by CatsController#show as */*
  Parameters: {"id"=>"1"}
  [1m[36mCat Load (0.2ms)[0m  [1m[34mSELECT  "cats".* FROM "cats" WHERE "cats"."id" = ? LIMIT ?[0m  [["id", 1], ["LIMIT", 1]]
  ↳ app/controllers/cats_controller.rb:8
  Rendering cats/show.html.erb within layouts/application
  Rendered cats/show.html.erb within layouts/application (0.5ms)
Completed 200 OK in 53ms (Views: 36.8ms | ActiveRecord: 1.2ms)


Started GET "/cats/1" for ::1 at 2020-12-04 15:43:13 -0500
Processing by CatsController#show as */*
  Parameters: {"id"=>"1"}
  [1m[36mCat Load (0.1ms)[0m  [1m[34mSELECT  "cats".* FROM "cats" WHERE "cats"."id" = ? LIMIT ?[0m  [["id", 1], ["LIMIT", 1]]
  ↳ app/controllers/cats_controller.rb:8
  Rendering cats/show.html.erb within layouts/application
  Rendered cats/show.html.erb within layouts/application (0.7ms)
Completed 200 OK in 49ms (Views: 40.7ms | ActiveRecord: 0.9ms)


Started GET "/cats/1" for ::1 at 2020-12-04 15:43:40 -0500
Processing by CatsController#show as */*
  Parameters: {"id"=>"1"}
  [1m[36mCat Load (0.2ms)[0m  [1m[34mSELECT  "cats".* FROM "cats" WHERE "cats"."id" = ? LIMIT ?[0m  [["id", 1], ["LIMIT", 1]]
  ↳ app/controllers/cats_controller.rb:8
  Rendering cats/show.html.erb within layouts/application
  Rendered cats/show.html.erb within layouts/application (0.7ms)
Completed 200 OK in 46ms (Views: 38.7ms | ActiveRecord: 0.2ms)


Started GET "/cats/1" for ::1 at 2020-12-04 15:44:36 -0500
Processing by CatsController#show as */*
  Parameters: {"id"=>"1"}
  [1m[36mCat Load (0.2ms)[0m  [1m[34mSELECT  "cats".* FROM "cats" WHERE "cats"."id" = ? LIMIT ?[0m  [["id", 1], ["LIMIT", 1]]
  ↳ app/controllers/cats_controller.rb:8
  Rendering cats/show.html.erb within layouts/application
  Rendered cats/show.html.erb within layouts/application (0.8ms)
Completed 200 OK in 55ms (Views: 46.1ms | ActiveRecord: 0.2ms)


Started GET "/cats/1" for ::1 at 2020-12-04 15:45:30 -0500
Processing by CatsController#show as */*
  Parameters: {"id"=>"1"}
  [1m[36mCat Load (0.1ms)[0m  [1m[34mSELECT  "cats".* FROM "cats" WHERE "cats"."id" = ? LIMIT ?[0m  [["id", 1], ["LIMIT", 1]]
  ↳ app/controllers/cats_controller.rb:8
  Rendering cats/show.html.erb within layouts/application
  Rendered cats/show.html.erb within layouts/application (0.5ms)
Completed 200 OK in 50ms (Views: 41.4ms | ActiveRecord: 0.1ms)


Started GET "/cats/1" for ::1 at 2020-12-04 15:45:50 -0500
Processing by CatsController#show as */*
  Parameters: {"id"=>"1"}
  [1m[36mCat Load (0.2ms)[0m  [1m[34mSELECT  "cats".* FROM "cats" WHERE "cats"."id" = ? LIMIT ?[0m  [["id", 1], ["LIMIT", 1]]
  ↳ app/controllers/cats_controller.rb:8
  Rendering cats/show.html.erb within layouts/application
  Rendered cats/show.html.erb within layouts/application (0.5ms)
Completed 200 OK in 41ms (Views: 39.8ms | ActiveRecord: 0.2ms)


